*** Start analyzing build configuration ***
*** List of included argument files ***
    Build configuration file:  /home/student/nmalota/VDIC/.dvt/lab01.build
    -F /home/student/nmalota/VDIC/lab01/tb.f
*** Done analyzing build configuration [7 ms] ***

*** Start SystemVerilog build ***
*** Invocation #1***
Loading (1) /home/student/nmalota/VDIC/lab01/mtm_Alu.vp ...
Done /home/student/nmalota/VDIC/lab01/mtm_Alu.vp [28 ms, 474 lines, SystemVerilog_2012] ...
Loading (2) /home/student/nmalota/VDIC/lab01/alu_tb.sv ...
Done /home/student/nmalota/VDIC/lab01/alu_tb.sv [19 ms, 206 lines, SystemVerilog_2012] ...
*** Done invocation #1 [44 ms] ***
*** Done parsing [LT 22.0 ms, PT 44.0 ms] ***
*** Total number of lines [680] ***
Performing post full build actions ...
Performing post full build step 1 (SRI) [1 ms] ...
Performing post full build step 2 (RI) [0 ms] ...
Performing post full build step 3 (RCP) [0 ms] ...
*** Done SystemVerilog build [48 ms] ***

*** Start mixed mode extension build ***
Performing mixed post full build step 1 (Verilog - RI) [0 ms] ...
Performing mixed post full build step 2 (Verilog - RC) [0 ms] ...
Performing mixed post full build step 3 (Verilog - RPC) [1 ms] ...
Performing mixed post full build step 4 (Verilog - RD) [0 ms] ...
Performing mixed post full build step 5 (Verilog - FSC) [52 ms] ...
Performing mixed post full build step 6 (Verilog - EV) [51 ms] ...
Performing mixed post full build step 7 (Verilog - US) [50 ms] ...
*** Done mixed mode extension build [214 ms] ***
*** Start adding/validating the DVT Auto-Linked resources ***
*** Done adding/validating the DVT Auto-Linked resources [0 ms] ***
*** Total build time [270 ms] ***
