TOOL:	xrun	19.09-s003: Started on Oct 27, 2021 at 14:08:20 CEST
xrun
	-F tb.f
		mtm_Alu.vp
		alu_tb.sv
	-v93
	+nowarnDSEM2009
	+nowarnDSEMEL
	+nowarnCGDEFN
	-xmlibdirname INCA_libs_gui
	+access+r
	+gui
	+overwrite
	-nocopyright
	-covtest lab01
	-l xrun_gui.log
	-s
INCLUDE $PDK_DIR/cds/cds.lib
|
xrun: *W,DLCVAR (/home/student/nmalota/cds.lib,1): cds.lib Invalid environment variable ''.
INCLUDE $PDK_DIR/cds/cds.lib
|
xrun: *W,DLCVAR (/home/student/nmalota/cds.lib,1): cds.lib Invalid environment variable ''.
INCLUDE $PDK_DIR/cds/cds.lib
|
xrun: *W,DLCVAR (/home/student/nmalota/cds.lib,1): cds.lib Invalid environment variable ''.
INCLUDE $PDK_DIR/cds/cds.lib
|
xrun: *W,DLCVAR (/home/student/nmalota/cds.lib,1): cds.lib Invalid environment variable ''.
Recompiling... reason: file './alu_tb.sv' is newer than expected.
	expected: Wed Oct 27 14:05:23 2021
	actual:   Wed Oct 27 14:08:08 2021
INCLUDE $PDK_DIR/cds/cds.lib
|
xrun: *W,DLCVAR (/home/student/nmalota/cds.lib,1): cds.lib Invalid environment variable ''.
INCLUDE $PDK_DIR/cds/cds.lib
|
xmvlog: *W,DLCVAR (/home/student/nmalota/cds.lib,1): cds.lib Invalid environment variable ''.
file: ./alu_tb.sv
	module worklib.top:sv
		errors: 0, warnings: 0
	Total errors/warnings found outside modules and primitives:
		errors: 0, warnings: 1
INCLUDE $PDK_DIR/cds/cds.lib
|
xrun: *W,DLCVAR (/home/student/nmalota/cds.lib,1): cds.lib Invalid environment variable ''.
INCLUDE $PDK_DIR/cds/cds.lib
|
xrun: *W,DLCVAR (/home/student/nmalota/cds.lib,1): cds.lib Invalid environment variable ''.
INCLUDE $PDK_DIR/cds/cds.lib
|
xmelab: *W,DLCVAR (/home/student/nmalota/cds.lib,1): cds.lib Invalid environment variable ''.
		Caching library 'worklib' ....... Done
	Elaborating the design hierarchy:
	Top level design units:
		top
	Building instance overlay tables: .................... Done
	Generating native compiled code:
INCLUDE $PDK_DIR/cds/cds.lib
|
xmvlog_cg: *W,DLCVAR (/home/student/nmalota/cds.lib,1): cds.lib Invalid environment variable ''.
		worklib.top:sv <0x60902b7d>
			streams:  12, words: 17280
	Building instance specific data structures.
	Loading native compiled code:     .................... Done
	Design hierarchy summary:
		                 Instances  Unique
		Modules:                 5       5
		Registers:              98      98
		Scalar wires:            8       -
		Vectored wires:          4       -
		Always blocks:          12      12
		Initial blocks:          3       3
		Cont. assignments:       0       1
		Pseudo assignments:      1       1
		Simulation timescale:  1ps
	Writing initial simulation snapshot: worklib.top:sv
INCLUDE $PDK_DIR/cds/cds.lib
|
xmsim: *W,DLCVAR (/home/student/nmalota/cds.lib,1): cds.lib Invalid environment variable ''.
xcelium> 
xcelium> source /cad/XCELIUM1909/tools/xcelium/files/xmsimrc
xcelium> 
-------------------------------------
Relinquished control to SimVision...
# Restoring simulation environment...
xcelium> input -quiet .reinvoke.sim
xcelium> file delete .reinvoke.sim
xcelium> run
C 10010011000000000000000000000000, ctlout 1, FLAGS 0, ERROR 1, CRC 0
Simulation complete via $finish(1) at time 2360 NS + 0
./alu_tb.sv:192     $finish;
xcelium> 