/cad/XCELIUM1909/tools.lnx86/inca/bin/xmsim
Obtained 43 stack frames.
/cad/XCELIUM1909/tools.lnx86/inca/bin/../../lib/libcbreakpad.so(_Z13use_backtracev+0xa1) [0xf75b37bd]
/cad/XCELIUM1909/tools.lnx86/inca/bin/../../lib/libcbreakpad.so(cbpad_generate_dump_on_demand+0x84) [0xf75b3b34]
xmsim() [0x90e5a5d]
xmsim(serror+0x1a) [0x90e6dda]
xmsim() [0x85411b8]
[0xf77a1410]
xmsim() [0x85c6c9a]
xmsim() [0x85be4f7]
xmsim() [0x86b50fd]
xmsim() [0x8c2c47a]
xmsim() [0x8c35789]
xmsim() [0x8c7422a]
xmsim(sslu_traverse_scopes+0x570) [0x8748310]
xmsim(sslu_traverse_scopes+0xef0) [0x8748c90]
xmsim() [0x8c560dd]
xmsim() [0x8c75d9d]
xmsim() [0x817429c]
xmsim() [0x80f1331]
xmsim() [0x80f19b7]
xmsim() [0x80f1c4b]
[0xf77a1410]
xmsim() [0x90cd570]
[0xf77a1400]
[0xf77a1430]
/lib/libc.so.6(kill+0x16) [0xbf5a96]
xmsim() [0x8d086bc]
xmsim() [0x84a7bc5]
[0xf77a1400]
[0xf77a1430]
/lib/libc.so.6(__select+0x2d) [0xca641d]
/cad/XCELIUM1909/tools/lib/libdcapi.so(dcDoOneEventTimed+0x318) [0xf74ebaf8]
/cad/XCELIUM1909/tools/lib/libStrapNC.so(StrapRead+0x123) [0xf733f243]
/cad/XCELIUM1909/tools/lib/libStrapNC.so(Strap_IncaReadStdin+0x1e) [0xf732fb8e]
xmsim() [0x9092932]
xmsim() [0x9093026]
xmsim() [0x90931ef]
xmsim() [0x848ec24]
xmsim() [0x80e0887]
xmsim() [0x80ef5ec]
xmsim(ncmain+0x96) [0x80e25ff]
xmsim(main+0x24) [0x97b3808]
/lib/libc.so.6(__libc_start_main+0xe8) [0xbe1d28]
xmsim() [0x8081d0d]
