Operating system: Linux
                  0.0.0 Linux 2.6.32-754.33.1.el6.x86_64 #1 SMP Tue Aug 25 15:29:40 UTC 2020 x86_64
CPU: x86
     GenuineIntel family 6 model 85 stepping 4
     1 CPU

GPU: UNKNOWN

Crash reason:  DUMP_REQUESTED
Crash address: 0xf75b58ab
Process uptime: not available

Thread 0 (crashed)
 0  libcbreakpad.so + 0x298ab
    eip = 0xf75b58ab   esp = 0xf72c9f00   ebp = 0xf72c9f88   ebx = 0xf75e6000
    esi = 0xf75e6000   edi = 0xf72ca038   eax = 0x00000000   ecx = 0x00000001
    edx = 0x00000000   efl = 0x0c55ad9c
    Found by: given as instruction pointer in context
 1  libcbreakpad.so + 0x27b74
    eip = 0xf75b3b74   esp = 0xf72c9f90   ebp = 0xf72ca0d8
    Found by: previous frame's frame pointer
 2  xmsim!vserror + 0xad
    eip = 0x090e5a5d   esp = 0xf72ca0e0   ebp = 0xf72ca3b8
    Found by: previous frame's frame pointer
 3  xmsim!serror + 0x1a
    eip = 0x090e6dda   esp = 0xf72ca2e0   ebp = 0xf72ca3b8   ebx = 0x00000000
    esi = 0x00000018   edi = 0x0c718645
    Found by: call frame info
 4  xmsim!sv_seghandler + 0x988
    eip = 0x085411b8   esp = 0xf72ca300   ebp = 0xf72ca3b8   ebx = 0xf72ca44c
    esi = 0x00000018   edi = 0x0c718645
    Found by: call frame info
 5  linux-gate.so + 0x410
    eip = 0xf77a1410   esp = 0xf72ca3c0   ebp = 0xff8d07c8   ebx = 0x0c6c7d48
    esi = 0x00000000   edi = 0xfffffa08
    Found by: call frame info

Loaded modules:
0x0025d000 - 0x00286fff  libm-2.12.so  ???
0x003af000 - 0x003c2fff  libz.so.1.2.3  ???
0x00ba8000 - 0x00bc8fff  ld-2.12.so  ???
0x00bcb000 - 0x00d5efff  libc-2.12.so  ???
0x00d64000 - 0x00d68fff  libdl-2.12.so  ???
0x00d76000 - 0x00d8efff  libpthread-2.12.so  ???
0x08048000 - 0x0a4d3fff  xmsim  ???  (main)
0xf3cbc000 - 0xf3d20fff  libuvmapi_sv.so  ???
0xf3d21000 - 0xf3d23fff  libuvmapi_sv.so  ???
0xf3d24000 - 0xf3d9dfff  libuvmapi_generic.so  ???
0xf3d9e000 - 0xf3da0fff  libuvmapi_generic.so  ???
0xf3da1000 - 0xf3db6fff  libz_sh.so  ???
0xf3db7000 - 0xf3db9fff  libz_sh.so  ???
0xf3dba000 - 0xf427efff  libucis.so  ???
0xf427f000 - 0xf42b8fff  libucis.so  ???
0xf4648000 - 0xf4657fff  waves.dsn (deleted)  ???
0xf46e6000 - 0xf46fdfff  libsdi-verilog-nld.so  ???
0xf46fe000 - 0xf471cfff  libsdi2-sst2-nld.so  ???
0xf471d000 - 0xf479bfff  libdwapi.so  ???
0xf479c000 - 0xf479ffff  libdwapi.so  ???
0xf47e3000 - 0xf54f7fff  librnc.so  ???
0xf54f8000 - 0xf54fbfff  librnc.so  ???
0xf7314000 - 0xf749cfff  libStrapNC.so  ???
0xf749d000 - 0xf74c8fff  libStrapNC.so  ???
0xf74d4000 - 0xf7565fff  libdcapi.so  ???
0xf7567000 - 0xf7574fff  libnss_files-2.12.so  ???
0xf7582000 - 0xf758bfff  libunicovdirmgr.so  ???
0xf758c000 - 0xf75e7fff  libcbreakpad.so  ???  (WARNING: No symbols, libcbreakpad.so, E534BA7ACB58B2D1AC43D31B76D3ED460)
0xf75f2000 - 0xf760dfff  libgcc_s.so.1  ???
0xf760e000 - 0xf7784fff  libstdc++.so.6.0.22  ???
0xf778d000 - 0xf7792fff  libuvmdpi.so  ???
0xf7793000 - 0xf7796fff  _sv_export.so (deleted)  ???
0xf7797000 - 0xf779dfff  libuvmpli.so  ???
0xf77a1000 - 0xf77a1fff  linux-gate.so  ???  (WARNING: No symbols, linux-gate.so, 12EDD0F84EF40F585E55D90F1E58712E0)

******BACKTRACE*****
vserror [0x90e5a5d]
serror [0x90e6dda]
sv_seghandler [0x85411b8]
sss_load_trg_data [0x85c6c9a]
sss_trdrv_type [0x85be4f7]
ssl_net_type [0x86b50fd]
cov_tog_isvalid_net [0x8c2c47a]
cov_tog_dump [0x8c35789]
cov_data_create_instance.part.47 [0x8c7422a]
sslu_traverse_scopes [0x8748310]
sslu_traverse_scopes [0x8748c90]
traverseAllDut.constprop.48 [0x8c560dd]
cov_data_dump [0x8c75d9d]
cover_dump [0x817429c]
nc_prepare_to_exit [0x80f1331]
nc_fini [0x80f19b7]
nc_fini2 [0x80f1c4b]
sretarget [0x90cd570]
ulmSuspend [0x8d086bc]
eng_lic_suspend_handler [0x84a7bc5]
svio_read_aux [0x9092932]
svio_readline_aux [0x9093026]
svio_readline [0x90931ef]
cmd_tcl_run [0x848ec24]
wrap_cmd_tcl_run [0x80e0887]
xncmain [0x80ef5ec]
ncmain [0x80e25ff]
main [0x97b3808]
_start [0x8081d0d]
******BACKTRACE END*****