csi-xmsim - CSI: Command line:
xmsim
    -f /home/student/nmalota/VDIC/lab09/INCA_libs/run.lnx86.19.09.d/cadence212_337711/xmsim.args
        -INPUT @source /cad/XCELIUM1909/tools/methodology/UVM/CDNS-1.2/sv/files/tcl/uvm_sim.tcl
        +UVM_NO_RELNOTES
        +UVM_VERBOSITY=MEDIUM
        +incdir+tb_classes
        +nowarnDSEM2009
        +nowarnDSEMEL
        +nowarnCGDEFN
        +nowarnCOVUTA
        +nowarnBADPRF
        +nowarnXCLGNOPTM
        +nowarnRNDXCELON
        -amsdlibdir ./INCA_libs/AMSD
        -uvmhome /cad/XCELIUM1909/tools/methodology/UVM/CDNS-1.2/sv
        -sv_lib /cad/XCELIUM1909/tools/methodology/UVM/CDNS-1.2/sv/lib/libuvmpli.so
        -NOWARN DSEM2009
        -NOWARN DSEMEL
        -NOWARN CGDEFN
        -NOWARN COVUTA
        -NOWARN BADPRF
        -NOWARN XCLGNOPTM
        -NOWARN RNDXCELON
        -NOCOPYRIGHT
        -COVOVERWRITE
        -COVTEST random_test
        +UVM_TESTNAME=random_test
        -RUN
        -SV_LIB /cad/XCELIUM1909/tools/methodology/UVM/CDNS-1.2/sv/lib/libuvmdpi.so
        +EMGRLOG xrun_test_random_test.log
        -XLSTIME 1642086782
        -XLKEEP
        -XLMODE ./INCA_libs/run.lnx86.19.09.d
        -RUNMODE
        -CDSLIB ./INCA_libs/run.lnx86.19.09.d/cds.lib
        -HDLVAR ./INCA_libs/run.lnx86.19.09.d/hdl.var
        -XLNAME xrun
        -XLVERSION TOOL:	xrun	19.09-s003
        -XLNAME ./INCA_libs/run.lnx86.19.09.d/cadence212_337711
    -CHECK_VERSION TOOL:	xrun	19.09-s003
    -LOG_FD 4
    -LOG_FD_NAME xrun_test_random_test.log
    -cmdnopsim
    -runlock /home/student/nmalota/VDIC/lab09/INCA_libs/run.lnx86.19.09.d/.xmlib.lock
    -runscratch /home/student/nmalota/VDIC/lab09/INCA_libs/run.lnx86.19.09.d/cadence212_337711

csi-xmsim - CSI: *F,INTERR: INTERNAL EXCEPTION
Observed simulation time : 899353470 NS + 2
-----------------------------------------------------------------
The tool has encountered an unexpected condition and must exit.
Contact Cadence Design Systems customer support about this
problem and provide enough information to help us reproduce it,
including the logfile that contains this error message.
  TOOL:	xmsim	19.09-s003
  HOSTNAME: cadence212
  OPERATING SYSTEM: Linux 2.6.32-754.33.1.el6.x86_64 #1 SMP Tue Aug 25 15:29:40 UTC 2020 x86_64
  MESSAGE: sv_seghandler - trapno -1 addr(0x18)
-----------------------------------------------------------------

csi-xmsim - CSI: Cadence Support Investigation, recording details
Error: Error processing callstack!
csi-xmsim - CSI: investigation complete took 0.000 secs, send this file to Cadence Support
